-------------------------------------------------------------------------------
Test set: com.verity.controlefinanceiro.application.usecase.RegistrarLancamentoUseCaseImplTest
-------------------------------------------------------------------------------
Tests run: 2, Failures: 0, Errors: 2, Skipped: 0, Time elapsed: 0.078 s <<< FAILURE! -- in com.verity.controlefinanceiro.application.usecase.RegistrarLancamentoUseCaseImplTest
com.verity.controlefinanceiro.application.usecase.RegistrarLancamentoUseCaseImplTest.should_register_lancamento_with_brl_currency_and_saved_values -- Time elapsed: 0.061 s <<< ERROR!
java.lang.Error: 
Unresolved compilation problems: 
	List<OutboxEvent> cannot be resolved to a type
	List<OutboxEvent> cannot be resolved to a type
	List<OutboxEvent> cannot be resolved to a type
	The method findOutboxEventByIdempotencyKey(String) from the type RegistrarLancamentoUseCaseImplTest.FakeLancamentoRepository refers to the missing type OutboxEvent
	The type RegistrarLancamentoUseCaseImplTest.FakeLancamentoRepository must implement the inherited abstract method LancamentoRepository.saveOutboxEvent(OutboxEvent)
	OutboxEvent cannot be resolved to a type
	OutboxEvent cannot be resolved to a type
	OutboxEvent cannot be resolved to a type
	OutboxEvent cannot be resolved to a type
	OutboxEvent cannot be resolved to a type
	OutboxEvent cannot be resolved to a type

	at com.verity.controlefinanceiro.application.usecase.RegistrarLancamentoUseCaseImplTest$FakeLancamentoRepository.<init>(RegistrarLancamentoUseCaseImplTest.java:58)
	at com.verity.controlefinanceiro.application.usecase.RegistrarLancamentoUseCaseImplTest.setUp(RegistrarLancamentoUseCaseImplTest.java:31)

com.verity.controlefinanceiro.application.usecase.RegistrarLancamentoUseCaseImplTest.should_generate_stable_idempotency_key_for_lancamento_event -- Time elapsed: 0.006 s <<< ERROR!
java.lang.Error: 
Unresolved compilation problems: 
	List<OutboxEvent> cannot be resolved to a type
	List<OutboxEvent> cannot be resolved to a type
	List<OutboxEvent> cannot be resolved to a type
	The method findOutboxEventByIdempotencyKey(String) from the type RegistrarLancamentoUseCaseImplTest.FakeLancamentoRepository refers to the missing type OutboxEvent
	The type RegistrarLancamentoUseCaseImplTest.FakeLancamentoRepository must implement the inherited abstract method LancamentoRepository.saveOutboxEvent(OutboxEvent)
	OutboxEvent cannot be resolved to a type
	OutboxEvent cannot be resolved to a type
	OutboxEvent cannot be resolved to a type
	OutboxEvent cannot be resolved to a type
	OutboxEvent cannot be resolved to a type
	OutboxEvent cannot be resolved to a type

	at com.verity.controlefinanceiro.application.usecase.RegistrarLancamentoUseCaseImplTest$FakeLancamentoRepository.<init>(RegistrarLancamentoUseCaseImplTest.java:58)
	at com.verity.controlefinanceiro.application.usecase.RegistrarLancamentoUseCaseImplTest.setUp(RegistrarLancamentoUseCaseImplTest.java:31)

